<?xml version="1.0" encoding="utf-8"?><testsuites name="pytest tests"><testsuite name="pytest" errors="0" failures="0" skipped="0" tests="13" time="3.149" timestamp="2026-04-10T21:03:07.598047+00:00" hostname="agent-env-1a4a44dc-d025-40f0-ad2a-34bdba33bd3a"><testcase classname="tests.test_p0_fixes.TestBackendAPIs" name="test_root_endpoint" time="0.153" /><testcase classname="tests.test_p0_fixes.TestBackendAPIs" name="test_auth_login_endpoint" time="0.236" /><testcase classname="tests.test_p0_fixes.TestBackendAPIs" name="test_auth_register_validation" time="0.133" /><testcase classname="tests.test_p0_fixes.TestBackendAPIs" name="test_projects_requires_auth" time="0.152" /><testcase classname="tests.test_p0_fixes.TestBackendAPIs" name="test_explore_endpoint" time="0.121" /><testcase classname="tests.test_p0_fixes.TestBackendAPIs" name="test_providers_endpoint" time="0.182" /><testcase classname="tests.test_p0_fixes.TestBackendAPIs" name="test_models_endpoint_default" time="0.163" /><testcase classname="tests.test_p0_fixes.TestAISystemFixes" name="test_ai_analysis_endpoint" time="0.692" /><testcase classname="tests.test_p0_fixes.TestSecurityFixes" name="test_jwt_secret_not_hardcoded" time="0.352" /><testcase classname="tests.test_p0_fixes.TestSecurityFixes" name="test_no_default_credentials_work" time="0.522" /><testcase classname="tests.test_p0_fixes.TestPhase1Features" name="test_comments_endpoint_exists" time="0.146" /><testcase classname="tests.test_p0_fixes.TestPhase1Features" name="test_notifications_requires_auth" time="0.108" /><testcase classname="tests.test_p0_fixes.TestPhase1Features" name="test_user_profile_endpoint" time="0.111" /></testsuite></testsuites>