<?xml version="1.0" encoding="utf-8"?><testsuites name="pytest tests"><testsuite name="pytest" errors="0" failures="0" skipped="1" tests="19" time="7.900" timestamp="2026-04-10T16:41:59.677696+00:00" hostname="agent-env-a79d07f2-8835-44f7-986d-b454de12c1b3"><testcase classname="backend.tests.test_buildmap_api.TestRootEndpoint" name="test_api_root_returns_correct_response" time="0.201" /><testcase classname="backend.tests.test_buildmap_api.TestAuthEndpoints" name="test_login_with_valid_credentials" time="0.350" /><testcase classname="backend.tests.test_buildmap_api.TestAuthEndpoints" name="test_login_with_invalid_credentials" time="0.330" /><testcase classname="backend.tests.test_buildmap_api.TestAuthEndpoints" name="test_get_current_user_without_auth" time="0.113" /><testcase classname="backend.tests.test_buildmap_api.TestAuthEndpoints" name="test_get_current_user_with_auth" time="0.399" /><testcase classname="backend.tests.test_buildmap_api.TestModelsEndpoint" name="test_get_models_list" time="0.671" /><testcase classname="backend.tests.test_buildmap_api.TestProjectsEndpoints" name="test_get_projects_list" time="0.371" /><testcase classname="backend.tests.test_buildmap_api.TestProjectsEndpoints" name="test_create_project" time="0.396" /><testcase classname="backend.tests.test_buildmap_api.TestProjectsEndpoints" name="test_get_single_project" time="0.432" /><testcase classname="backend.tests.test_buildmap_api.TestAnalysisEndpoint" name="test_analysis_returns_enhanced_data" time="0.453" /><testcase classname="backend.tests.test_buildmap_api.TestExportEndpoint" name="test_export_returns_404_when_no_outputs" time="0.443" /><testcase classname="backend.tests.test_buildmap_api.TestExportEndpoint" name="test_export_returns_zip_when_outputs_exist" time="0.394"><skipped type="pytest.skip" message="No projects with outputs to test ZIP export">/app/backend/tests/test_buildmap_api.py:298: No projects with outputs to test ZIP export</skipped></testcase><testcase classname="backend.tests.test_buildmap_api.TestMessagesEndpoint" name="test_get_project_messages" time="0.468" /><testcase classname="backend.tests.test_buildmap_api.TestMessagesEndpoint" name="test_non_streaming_message_endpoint_backward_compatible" time="0.585" /><testcase classname="backend.tests.test_buildmap_api.TestStreamingEndpoint" name="test_streaming_endpoint_returns_sse_content_type" time="0.457" /><testcase classname="backend.tests.test_buildmap_api.TestStreamingEndpoint" name="test_streaming_endpoint_returns_proper_sse_format" time="0.612" /><testcase classname="backend.tests.test_buildmap_api.TestStreamingEndpoint" name="test_streaming_endpoint_returns_error_for_invalid_api_key" time="0.534" /><testcase classname="backend.tests.test_buildmap_api.TestStreamingEndpoint" name="test_streaming_endpoint_requires_authentication" time="0.117" /><testcase classname="backend.tests.test_buildmap_api.TestCleanup" name="test_cleanup_test_projects" time="0.458" /></testsuite></testsuites>