<?xml version="1.0" encoding="utf-8"?><testsuites name="pytest tests"><testsuite name="pytest" errors="0" failures="0" skipped="0" tests="19" time="6.656" timestamp="2026-04-10T16:59:42.719355+00:00" hostname="agent-env-a79d07f2-8835-44f7-986d-b454de12c1b3"><testcase classname="backend.tests.test_multi_provider.TestProviders" name="test_get_providers_returns_4_providers" time="0.137" /><testcase classname="backend.tests.test_multi_provider.TestProviders" name="test_providers_have_required_fields" time="0.107" /><testcase classname="backend.tests.test_multi_provider.TestProviders" name="test_provider_key_prefixes_correct" time="0.125" /><testcase classname="backend.tests.test_multi_provider.TestAPIKeysAuthenticated" name="test_get_api_keys_returns_providers_array" time="0.451" /><testcase classname="backend.tests.test_multi_provider.TestAPIKeysAuthenticated" name="test_get_api_keys_backward_compatible" time="0.658" /><testcase classname="backend.tests.test_multi_provider.TestAPIKeysAuthenticated" name="test_post_api_key_accepts_provider_field" time="0.583" /><testcase classname="backend.tests.test_multi_provider.TestAPIKeysAuthenticated" name="test_post_api_key_rejects_invalid_provider" time="0.599" /><testcase classname="backend.tests.test_multi_provider.TestAPIKeyDeleteByProvider" name="test_delete_nonexistent_provider_key_returns_404" time="0.372" /><testcase classname="backend.tests.test_multi_provider.TestAPIKeyDeleteByProvider" name="test_delete_provider_key_endpoint_exists" time="0.438" /><testcase classname="backend.tests.test_multi_provider.TestModelsAggregation" name="test_get_models_returns_list" time="0.511" /><testcase classname="backend.tests.test_multi_provider.TestModelsAggregation" name="test_models_have_required_fields" time="0.560" /><testcase classname="backend.tests.test_multi_provider.TestModelsAggregation" name="test_models_include_source_field" time="0.505" /><testcase classname="backend.tests.test_multi_provider.TestModelsAggregation" name="test_models_sorted_free_first" time="0.537" /><testcase classname="backend.tests.test_multi_provider.TestModelsUnauthenticated" name="test_get_models_unauthenticated_returns_defaults" time="0.112" /><testcase classname="backend.tests.test_multi_provider.TestStreamingWithProvider" name="test_streaming_endpoint_exists" time="0.432" /><testcase classname="backend.tests.test_multi_provider.TestAPIKeysUnauthenticated" name="test_get_api_keys_requires_auth" time="0.100" /><testcase classname="backend.tests.test_multi_provider.TestAPIKeysUnauthenticated" name="test_post_api_keys_requires_auth" time="0.116" /><testcase classname="backend.tests.test_multi_provider.TestAPIKeysUnauthenticated" name="test_delete_api_keys_requires_auth" time="0.103" /><testcase classname="backend.tests.test_multi_provider.TestAPIKeysUnauthenticated" name="test_delete_api_keys_by_provider_requires_auth" time="0.112" /></testsuite></testsuites>