<?xml version="1.0" encoding="utf-8"?><testsuites name="pytest tests"><testsuite name="pytest" errors="0" failures="0" skipped="1" tests="14" time="5.425" timestamp="2026-04-10T16:33:05.118023+00:00" hostname="agent-env-a79d07f2-8835-44f7-986d-b454de12c1b3"><testcase classname="tests.test_buildmap_api.TestRootEndpoint" name="test_api_root_returns_correct_response" time="0.138" /><testcase classname="tests.test_buildmap_api.TestAuthEndpoints" name="test_login_with_valid_credentials" time="0.344" /><testcase classname="tests.test_buildmap_api.TestAuthEndpoints" name="test_login_with_invalid_credentials" time="0.323" /><testcase classname="tests.test_buildmap_api.TestAuthEndpoints" name="test_get_current_user_without_auth" time="0.105" /><testcase classname="tests.test_buildmap_api.TestAuthEndpoints" name="test_get_current_user_with_auth" time="0.373" /><testcase classname="tests.test_buildmap_api.TestModelsEndpoint" name="test_get_models_list" time="0.550" /><testcase classname="tests.test_buildmap_api.TestProjectsEndpoints" name="test_get_projects_list" time="0.401" /><testcase classname="tests.test_buildmap_api.TestProjectsEndpoints" name="test_create_project" time="0.377" /><testcase classname="tests.test_buildmap_api.TestProjectsEndpoints" name="test_get_single_project" time="0.456" /><testcase classname="tests.test_buildmap_api.TestAnalysisEndpoint" name="test_analysis_returns_enhanced_data" time="0.486" /><testcase classname="tests.test_buildmap_api.TestExportEndpoint" name="test_export_returns_404_when_no_outputs" time="0.487" /><testcase classname="tests.test_buildmap_api.TestExportEndpoint" name="test_export_returns_zip_when_outputs_exist" time="0.395"><skipped type="pytest.skip" message="No projects with outputs to test ZIP export">/app/backend/tests/test_buildmap_api.py:298: No projects with outputs to test ZIP export</skipped></testcase><testcase classname="tests.test_buildmap_api.TestMessagesEndpoint" name="test_get_project_messages" time="0.440" /><testcase classname="tests.test_buildmap_api.TestCleanup" name="test_cleanup_test_projects" time="0.449" /></testsuite></testsuites>